--- Migration Started for base ---
[2026-01-28T14:43:23.625236] Starting Migration for base
[2026-01-28T14:43:24.375847] Step 1: Librarian - Scanning Schema Context...
[2026-01-28T14:43:24.392755] Librarian: Found 0 tables.
[2026-01-28T14:43:24.394395] Step 2: Topology - Building Orchestration Plan...
[2026-01-28T14:43:24.667358] Topology: Generated DAG with 2 phases.
[2026-01-28T14:43:24.668378] Step 3: Execution - Generating & Auditing Code...
[2026-01-28T14:43:24.669000] Entering Phase: Bronze_Ingestion
[2026-01-28T14:43:24.670214] Processing: DimCategory.dtsx...
[2026-01-28T14:43:34.061913] Developer: Generated DimCategory.dtsx... APPROVED (Score: 100)
[2026-01-28T14:43:34.062575] Processing: DimCustomers.dtsx...
[2026-01-28T14:43:43.247196] Developer: Generated DimCustomers.dtsx... APPROVED (Score: 100)
[2026-01-28T14:43:43.247821] Processing: DimEmployee.dtsx...
[2026-01-28T14:43:53.125220] Developer: Generated DimEmployee.dtsx... APPROVED (Score: 100)
[2026-01-28T14:43:53.126431] Processing: DimProduct.dtsx...
[2026-01-28T14:44:05.602846] Developer: Generated DimProduct.dtsx... APPROVED (Score: 98)
[2026-01-28T14:44:05.603565] Processing: DimShipper.dtsx...
[2026-01-28T14:44:15.734632] Developer: Generated DimShipper.dtsx... APPROVED (Score: 100)
[2026-01-28T14:44:15.735333] Limit Reached: Stopping after 5 packages.
[2026-01-28T14:44:15.735895] Entering Phase: Gold_Delivery
[2026-01-28T14:44:15.736456] Limit Reached: Stopping after 5 packages.
[2026-01-28T14:44:15.737005] Migration Complete.
